<?xml version="1.0" encoding="UTF-8"?>
<!-- Generated by org.testng.reporters.JUnitReportReporter -->
<testsuite hostname="testing-gce-620a82cd-cc99-44e6-916e-7113bc1c7b8f.c.travis-ci-prod-5.internal" name="com.yahoo.omid.tso.TestTimestampOracle" tests="2" failures="1" timestamp="14 Mar 2016 18:13:05 GMT" time="0.341" errors="0">
  <testcase name="testMonotonicTimestampGrowth" time="0.325" classname="com.yahoo.omid.tso.TestTimestampOracle"/>
  <testcase name="testTimestampOraclePanicsWhenTheStorageHasProblems" time="0.016" classname="com.yahoo.omid.tso.TestTimestampOracle">
    <failure type="org.mockito.exceptions.misusing.UnfinishedStubbingException" message="
Unfinished stubbing detected here:
-&gt; at com.yahoo.omid.tso.TestTimestampOracle.testTimestampOraclePanicsWhenTheStorageHasProblems(TestTimestampOracle.java:71)

E.g. thenReturn() may be missing.
Examples of correct stubbing:
    when(mock.isOk()).thenReturn(true);
    when(mock.isOk()).thenThrow(exception);
    doThrow(exception).when(mock).someVoidMethod();
Hints:
 1. missing thenReturn()
 2. you are trying to stub a final method, you naughty developer!
">
      <![CDATA[org.mockito.exceptions.misusing.UnfinishedStubbingException: 
Unfinished stubbing detected here:
-> at com.yahoo.omid.tso.TestTimestampOracle.testTimestampOraclePanicsWhenTheStorageHasProblems(TestTimestampOracle.java:71)

E.g. thenReturn() may be missing.
Examples of correct stubbing:
    when(mock.isOk()).thenReturn(true);
    when(mock.isOk()).thenThrow(exception);
    doThrow(exception).when(mock).someVoidMethod();
Hints:
 1. missing thenReturn()
 2. you are trying to stub a final method, you naughty developer!

	at com.yahoo.omid.tso.TestTimestampOracle.testTimestampOraclePanicsWhenTheStorageHasProblems(TestTimestampOracle.java:77)
	at sun.reflect.NativeMethodAccessorImpl.invoke0(Native Method)
	at sun.reflect.NativeMethodAccessorImpl.invoke(NativeMethodAccessorImpl.java:62)
	at sun.reflect.DelegatingMethodAccessorImpl.invoke(DelegatingMethodAccessorImpl.java:43)
	at java.lang.reflect.Method.invoke(Method.java:497)
	at org.testng.internal.MethodInvocationHelper.invokeMethod(MethodInvocationHelper.java:84)
	at org.testng.internal.InvokeMethodRunnable.runOne(InvokeMethodRunnable.java:46)
	at org.testng.internal.InvokeMethodRunnable.run(InvokeMethodRunnable.java:37)
	at java.util.concurrent.Executors$RunnableAdapter.call(Executors.java:511)
	at java.util.concurrent.FutureTask.run(FutureTask.java:266)
	at java.util.concurrent.ThreadPoolExecutor.runWorker(ThreadPoolExecutor.java:1142)
	at java.util.concurrent.ThreadPoolExecutor$Worker.run(ThreadPoolExecutor.java:617)
	at java.lang.Thread.run(Thread.java:745)
]]>
    </failure>
  </testcase> <!-- testTimestampOraclePanicsWhenTheStorageHasProblems -->
</testsuite> <!-- com.yahoo.omid.tso.TestTimestampOracle -->
